
Circuit 1 cell sky130_fd_pr__pfet_01v8 and Circuit 2 cell sky130_fd_pr__pfet_01v8 are black boxes.
Equate elements:  no current cell.
Device classes sky130_fd_pr__pfet_01v8 and sky130_fd_pr__pfet_01v8 are equivalent.

Circuit 1 cell sky130_fd_pr__nfet_01v8 and Circuit 2 cell sky130_fd_pr__nfet_01v8 are black boxes.
Equate elements:  no current cell.
Device classes sky130_fd_pr__nfet_01v8 and sky130_fd_pr__nfet_01v8 are equivalent.

Class lds_schematics.spice (1):  Merged 36 parallel devices.
Subcircuit summary:
Circuit 1: all_schematics.spice            |Circuit 2: lds_schematics.spice            
-------------------------------------------|-------------------------------------------
sky130_fd_pr__pfet_01v8 (48)               |sky130_fd_pr__pfet_01v8 (52->48)           
sky130_fd_pr__nfet_01v8 (80->66)           |sky130_fd_pr__nfet_01v8 (97->65) **Mismatc 
c (10)                                     |c (10)                                     
r (2)                                      |r (2)                                      
Number of devices: 126 **Mismatch**        |Number of devices: 125 **Mismatch**        
Number of nets: 73 **Mismatch**            |Number of nets: 74 **Mismatch**            
---------------------------------------------------------------------------------------
NET mismatches: Class fragments follow (with fanout counts):
Circuit 1: all_schematics.spice            |Circuit 2: lds_schematics.spice            

---------------------------------------------------------------------------------------
Net: net10                                 |Net: net45                                 
  sky130_fd_pr__nfet_01v8/(1|3) = 3        |  sky130_fd_pr__nfet_01v8/(1|3) = 2        
                                           |  c/top = 1                                
                                           |                                           
Net: GND                                   |Net: GND                                   
  sky130_fd_pr__nfet_01v8/4 = 66           |  sky130_fd_pr__nfet_01v8/4 = 65           
  sky130_fd_pr__nfet_01v8/(1|3) = 21       |  sky130_fd_pr__nfet_01v8/(1|3) = 21       
  c/bottom = 10                            |  c/bottom = 10                            
  r/(end_a|end_b) = 2                      |  r/(end_a|end_b) = 2                      
                                           |                                           
Net: STO+_RCL-                             |Net: net49                                 
  sky130_fd_pr__nfet_01v8/2 = 4            |  sky130_fd_pr__nfet_01v8/2 = 1            
  c/top = 1                                |  sky130_fd_pr__nfet_01v8/(1|3) = 2        
  sky130_fd_pr__pfet_01v8/(1|3) = 1        |                                           
  sky130_fd_pr__nfet_01v8/(1|3) = 1        |                                           
                                           |                                           
(no matching net)                          |Net: net31                                 
                                           |  sky130_fd_pr__nfet_01v8/2 = 1            
                                           |  sky130_fd_pr__pfet_01v8/(1|3) = 4        
                                           |  sky130_fd_pr__nfet_01v8/(1|3) = 4        
                                           |  c/top = 1                                
                                           |                                           
(no matching net)                          |Net: net47                                 
                                           |  sky130_fd_pr__nfet_01v8/(1|3) = 3        
                                           |                                           
(no matching net)                          |Net: net19                                 
                                           |  sky130_fd_pr__nfet_01v8/2 = 1            
                                           |  sky130_fd_pr__pfet_01v8/(1|3) = 4        
                                           |  sky130_fd_pr__nfet_01v8/(1|3) = 2        
                                           |  c/top = 1                                
---------------------------------------------------------------------------------------

---------------------------------------------------------------------------------------
Net: STO-_RCL+                             |Net: STO-_RCL+                             
  sky130_fd_pr__nfet_01v8/2 = 4            |  sky130_fd_pr__nfet_01v8/2 = 4            
  c/top = 1                                |  c/top = 1                                
  sky130_fd_pr__pfet_01v8/(1|3) = 1        |  sky130_fd_pr__pfet_01v8/(1|3) = 1        
  sky130_fd_pr__nfet_01v8/(1|3) = 1        |  sky130_fd_pr__nfet_01v8/(1|3) = 1        
---------------------------------------------------------------------------------------

---------------------------------------------------------------------------------------
Net: STO-b_RCL+b                           |Net: STO-b_RCL+b                           
  sky130_fd_pr__pfet_01v8/2 = 4            |  sky130_fd_pr__pfet_01v8/2 = 4            
  c/top = 1                                |  c/top = 1                                
  sky130_fd_pr__pfet_01v8/(1|3) = 1        |  sky130_fd_pr__pfet_01v8/(1|3) = 1        
  sky130_fd_pr__nfet_01v8/(1|3) = 1        |  sky130_fd_pr__nfet_01v8/(1|3) = 1        
---------------------------------------------------------------------------------------

---------------------------------------------------------------------------------------
Net: STO+b_RCL-b                           |Net: STO+b_RCL-b                           
  sky130_fd_pr__pfet_01v8/2 = 4            |  sky130_fd_pr__pfet_01v8/2 = 4            
  c/top = 1                                |  c/top = 1                                
  sky130_fd_pr__pfet_01v8/(1|3) = 1        |  sky130_fd_pr__pfet_01v8/(1|3) = 1        
  sky130_fd_pr__nfet_01v8/(1|3) = 1        |  sky130_fd_pr__nfet_01v8/(1|3) = 1        
---------------------------------------------------------------------------------------

---------------------------------------------------------------------------------------
Net: C+prime                               |(no matching net)                          
  sky130_fd_pr__pfet_01v8/(1|3) = 4        |                                           
  sky130_fd_pr__nfet_01v8/(1|3) = 4        |                                           
  c/top = 1                                |                                           
  sky130_fd_pr__nfet_01v8/2 = 1            |                                           
                                           |                                           
Net: C-prime                               |(no matching net)                          
  sky130_fd_pr__pfet_01v8/(1|3) = 4        |                                           
  sky130_fd_pr__nfet_01v8/(1|3) = 4        |                                           
  c/top = 1                                |                                           
  sky130_fd_pr__nfet_01v8/2 = 1            |                                           
---------------------------------------------------------------------------------------

---------------------------------------------------------------------------------------
Net: net20                                 |Net: net34                                 
  sky130_fd_pr__nfet_01v8/(1|3) = 3        |  sky130_fd_pr__nfet_01v8/(1|3) = 3        
---------------------------------------------------------------------------------------

---------------------------------------------------------------------------------------
Net: net15                                 |Net: net22                                 
  sky130_fd_pr__nfet_01v8/(1|3) = 3        |  sky130_fd_pr__nfet_01v8/(1|3) = 3        
---------------------------------------------------------------------------------------

---------------------------------------------------------------------------------------
Net: C-                                    |Net: C-                                    
  sky130_fd_pr__pfet_01v8/(1|3) = 5        |  sky130_fd_pr__pfet_01v8/(1|3) = 5        
  sky130_fd_pr__nfet_01v8/(1|3) = 5        |  sky130_fd_pr__nfet_01v8/(1|3) = 5        
  sky130_fd_pr__nfet_01v8/2 = 1            |  sky130_fd_pr__nfet_01v8/2 = 1            
  c/top = 1                                |  c/top = 1                                
---------------------------------------------------------------------------------------

---------------------------------------------------------------------------------------
Net: net8                                  |Net: STO+_RCL-                             
  sky130_fd_pr__nfet_01v8/(1|3) = 4        |  sky130_fd_pr__nfet_01v8/(1|3) = 1        
  sky130_fd_pr__nfet_01v8/2 = 1            |  sky130_fd_pr__nfet_01v8/2 = 3            
  c/top = 1                                |  c/top = 1                                
                                           |  sky130_fd_pr__pfet_01v8/(1|3) = 1        
---------------------------------------------------------------------------------------

---------------------------------------------------------------------------------------
Net: net28                                 |Net: net48                                 
  sky130_fd_pr__pfet_01v8/(1|3) = 2        |  sky130_fd_pr__pfet_01v8/(1|3) = 1        
  sky130_fd_pr__pfet_01v8/2 = 1            |  sky130_fd_pr__nfet_01v8/2 = 2            
  sky130_fd_pr__nfet_01v8/(1|3) = 1        |  sky130_fd_pr__nfet_01v8/(1|3) = 1        
                                           |                                           
Net: net7                                  |Net: net8                                  
  sky130_fd_pr__nfet_01v8/2 = 2            |  sky130_fd_pr__pfet_01v8/(1|3) = 2        
  sky130_fd_pr__pfet_01v8/(1|3) = 1        |  sky130_fd_pr__pfet_01v8/2 = 1            
  sky130_fd_pr__nfet_01v8/(1|3) = 1        |  sky130_fd_pr__nfet_01v8/(1|3) = 1        
---------------------------------------------------------------------------------------

---------------------------------------------------------------------------------------
Net: Vref-                                 |Net: Vref-                                 
  sky130_fd_pr__pfet_01v8/(1|3) = 2        |  sky130_fd_pr__pfet_01v8/(1|3) = 2        
  sky130_fd_pr__nfet_01v8/(1|3) = 2        |  sky130_fd_pr__nfet_01v8/(1|3) = 2        
---------------------------------------------------------------------------------------

---------------------------------------------------------------------------------------
Net: PREb                                  |Net: PREb                                  
  sky130_fd_pr__pfet_01v8/2 = 4            |  sky130_fd_pr__pfet_01v8/2 = 4            
---------------------------------------------------------------------------------------

---------------------------------------------------------------------------------------
Net: PRE                                   |Net: PRE                                   
  sky130_fd_pr__nfet_01v8/2 = 4            |  sky130_fd_pr__nfet_01v8/2 = 4            
---------------------------------------------------------------------------------------

---------------------------------------------------------------------------------------
Net: net12                                 |Net: net11                                 
  sky130_fd_pr__pfet_01v8/(1|3) = 1        |  sky130_fd_pr__pfet_01v8/2 = 2            
  sky130_fd_pr__pfet_01v8/2 = 2            |  sky130_fd_pr__pfet_01v8/(1|3) = 1        
  sky130_fd_pr__nfet_01v8/(1|3) = 1        |  sky130_fd_pr__nfet_01v8/(1|3) = 1        
                                           |                                           
Net: net17                                 |Net: net28                                 
  sky130_fd_pr__pfet_01v8/(1|3) = 1        |  sky130_fd_pr__pfet_01v8/2 = 2            
  sky130_fd_pr__pfet_01v8/2 = 2            |  sky130_fd_pr__pfet_01v8/(1|3) = 1        
  sky130_fd_pr__nfet_01v8/(1|3) = 1        |  sky130_fd_pr__nfet_01v8/(1|3) = 1        
---------------------------------------------------------------------------------------

---------------------------------------------------------------------------------------
Net: Vref+                                 |Net: Vref+                                 
  sky130_fd_pr__pfet_01v8/(1|3) = 2        |  sky130_fd_pr__pfet_01v8/(1|3) = 2        
  sky130_fd_pr__nfet_01v8/(1|3) = 2        |  sky130_fd_pr__nfet_01v8/(1|3) = 2        
---------------------------------------------------------------------------------------

---------------------------------------------------------------------------------------
Net: RST                                   |Net: RST                                   
  sky130_fd_pr__nfet_01v8/2 = 1            |  sky130_fd_pr__nfet_01v8/2 = 1            
---------------------------------------------------------------------------------------

---------------------------------------------------------------------------------------
Net: C+                                    |Net: C+                                    
  sky130_fd_pr__nfet_01v8/2 = 2            |  sky130_fd_pr__nfet_01v8/2 = 2            
  sky130_fd_pr__pfet_01v8/(1|3) = 5        |  sky130_fd_pr__pfet_01v8/(1|3) = 5        
  sky130_fd_pr__nfet_01v8/(1|3) = 5        |  sky130_fd_pr__nfet_01v8/(1|3) = 5        
  c/top = 1                                |  c/top = 1                                
---------------------------------------------------------------------------------------

---------------------------------------------------------------------------------------
Net: Vcp                                   |Net: Vcp                                   
  sky130_fd_pr__pfet_01v8/2 = 8            |  sky130_fd_pr__pfet_01v8/2 = 8            
  sky130_fd_pr__nfet_01v8/2 = 4            |  sky130_fd_pr__nfet_01v8/2 = 4            
  sky130_fd_pr__nfet_01v8/(1|3) = 1        |  sky130_fd_pr__nfet_01v8/(1|3) = 1        
  sky130_fd_pr__pfet_01v8/(1|3) = 1        |  sky130_fd_pr__pfet_01v8/(1|3) = 1        
---------------------------------------------------------------------------------------

---------------------------------------------------------------------------------------
Net: VDD                                   |Net: VDD                                   
  sky130_fd_pr__pfet_01v8/(1|3) = 27       |  sky130_fd_pr__pfet_01v8/(1|3) = 27       
  sky130_fd_pr__pfet_01v8/4 = 48           |  sky130_fd_pr__pfet_01v8/4 = 48           
---------------------------------------------------------------------------------------

---------------------------------------------------------------------------------------
Net: C+primedrive                          |Net: net46                                 
  sky130_fd_pr__pfet_01v8/(1|3) = 2        |  sky130_fd_pr__nfet_01v8/(1|3) = 3        
  sky130_fd_pr__nfet_01v8/(1|3) = 3        |  c/top = 1                                
                                           |  sky130_fd_pr__nfet_01v8/2 = 1            
                                           |                                           
Net: C-primedrive                          |Net: net32                                 
  sky130_fd_pr__pfet_01v8/(1|3) = 2        |  sky130_fd_pr__pfet_01v8/(1|3) = 2        
  sky130_fd_pr__nfet_01v8/(1|3) = 3        |  sky130_fd_pr__nfet_01v8/(1|3) = 3        
                                           |                                           
Net: C-drive                               |Net: net20                                 
  sky130_fd_pr__pfet_01v8/(1|3) = 2        |  sky130_fd_pr__pfet_01v8/(1|3) = 2        
  sky130_fd_pr__nfet_01v8/(1|3) = 3        |  sky130_fd_pr__nfet_01v8/(1|3) = 3        
                                           |                                           
Net: net9                                  |Net: net21                                 
  sky130_fd_pr__nfet_01v8/(1|3) = 3        |  sky130_fd_pr__pfet_01v8/(1|3) = 2        
  sky130_fd_pr__nfet_01v8/2 = 1            |  sky130_fd_pr__nfet_01v8/(1|3) = 3        
  c/top = 1                                |                                           
                                           |                                           
Net: CompOut                               |Net: CompOut                               
  sky130_fd_pr__pfet_01v8/(1|3) = 1        |  sky130_fd_pr__pfet_01v8/(1|3) = 1        
  sky130_fd_pr__nfet_01v8/(1|3) = 2        |  sky130_fd_pr__nfet_01v8/(1|3) = 2        
  sky130_fd_pr__pfet_01v8/2 = 1            |  sky130_fd_pr__pfet_01v8/2 = 1            
  sky130_fd_pr__nfet_01v8/2 = 1            |  sky130_fd_pr__nfet_01v8/2 = 1            
                                           |                                           
Net: ENADb                                 |Net: ENADb                                 
  sky130_fd_pr__pfet_01v8/2 = 3            |  sky130_fd_pr__pfet_01v8/2 = 3            
  sky130_fd_pr__nfet_01v8/2 = 2            |  sky130_fd_pr__nfet_01v8/2 = 2            
---------------------------------------------------------------------------------------

---------------------------------------------------------------------------------------
Net: net13                                 |Net: net12                                 
  sky130_fd_pr__pfet_01v8/(1|3) = 2        |  sky130_fd_pr__pfet_01v8/(1|3) = 2        
                                           |                                           
Net: net19                                 |Net: net29                                 
  sky130_fd_pr__pfet_01v8/(1|3) = 2        |  sky130_fd_pr__pfet_01v8/(1|3) = 2        
                                           |                                           
Net: net18                                 |Net: net24                                 
  sky130_fd_pr__pfet_01v8/(1|3) = 2        |  sky130_fd_pr__pfet_01v8/(1|3) = 2        
---------------------------------------------------------------------------------------
DEVICE mismatches: Class fragments follow (with node fanout counts):
Circuit 1: all_schematics.spice            |Circuit 2: lds_schematics.spice            

---------------------------------------------------------------------------------------
Instance: sky130_fd_pr__nfet_01v8:M15      |Instance: sky130_fd_pr__nfet_01v8:M139     
  (1,3) = (6,5)                            |  (1,3) = (5,3)                            
  2 = 4                                    |  2 = 1                                    
  4 = 99                                   |  4 = 98                                   
                                           |                                           
Instance: sky130_fd_pr__nfet_01v8:M57      |Instance: sky130_fd_pr__nfet_01v8:M50      
  (1,3) = (10,5)                           |  (1,3) = (8,5)                            
  2 = 7                                    |  2 = 7                                    
  4 = 99                                   |  4 = 98                                   
                                           |                                           
Instance: sky130_fd_pr__nfet_01v8:M86      |Instance: sky130_fd_pr__nfet_01v8:M148     
  (1,3) = (10,5)                           |  (1,3) = (5,3)                            
  2 = 7                                    |  2 = 4                                    
  4 = 99                                   |  4 = 98                                   
                                           |                                           
Instance: sky130_fd_pr__nfet_01v8:M17      |Instance: sky130_fd_pr__nfet_01v8:M26      
  (1,3) = (99,3)                           |  (1,3) = (98,6)                           
  2 = 6                                    |  2 = 14                                   
  4 = 99                                   |  4 = 98                                   
                                           |                                           
Instance: sky130_fd_pr__nfet_01v8:M18      |Instance: sky130_fd_pr__nfet_01v8:M51      
  (1,3) = (99,6)                           |  (1,3) = (12,5)                           
  2 = 5                                    |  2 = 6                                    
  4 = 99                                   |  4 = 98                                   
                                           |                                           
Instance: sky130_fd_pr__nfet_01v8:M78      |Instance: sky130_fd_pr__nfet_01v8:M78      
  (1,3) = (12,5)                           |  (1,3) = (13,13)                          
  2 = 7                                    |  2 = 6                                    
  4 = 99                                   |  4 = 98                                   
                                           |                                           
Instance: sky130_fd_pr__nfet_01v8:M20      |Instance: sky130_fd_pr__nfet_01v8:M80      
  (1,3) = (6,5)                            |  (1,3) = (10,5)                           
  2 = 1                                    |  2 = 6                                    
  4 = 99                                   |  4 = 98                                   
                                           |                                           
Instance: sky130_fd_pr__nfet_01v8:M19      |Instance: sky130_fd_pr__nfet_01v8:M142     
  (1,3) = (6,5)                            |  (1,3) = (5,3)                            
  2 = 5                                    |  2 = 5                                    
  4 = 99                                   |  4 = 98                                   
                                           |                                           
Instance: sky130_fd_pr__nfet_01v8:M105     |Instance: sky130_fd_pr__nfet_01v8:M147     
  (1,3) = (13,13)                          |  (1,3) = (98,3)                           
  2 = 7                                    |  2 = 5                                    
  4 = 99                                   |  4 = 98                                   
                                           |                                           
Instance: sky130_fd_pr__nfet_01v8:M44      |(no matching instance)                     
  (1,3) = (99,7)                           |                                           
  2 = 14                                   |                                           
  4 = 99                                   |                                           
                                           |                                           
---------------------------------------------------------------------------------------

---------------------------------------------------------------------------------------
Instance: sky130_fd_pr__nfet_01v8:M94      |Instance: sky130_fd_pr__nfet_01v8:M68      
  (1,3) = (4,3)                            |  (1,3) = (4,3)                            
  2 = 10                                   |  2 = 10                                   
  4 = 99                                   |  4 = 98                                   
                                           |                                           
Instance: sky130_fd_pr__nfet_01v8:M65      |Instance: sky130_fd_pr__nfet_01v8:M30      
  (1,3) = (4,3)                            |  (1,3) = (4,3)                            
  2 = 10                                   |  2 = 8                                    
  4 = 99                                   |  4 = 98                                   
---------------------------------------------------------------------------------------

---------------------------------------------------------------------------------------
Instance: sky130_fd_pr__nfet_01v8:M84      |Instance: sky130_fd_pr__nfet_01v8:M144     
  (1,3) = (10,10)                          |  (1,3) = (98,3)                           
  2 = 7                                    |  2 = 3                                    
  4 = 99                                   |  4 = 98                                   
                                           |                                           
Instance: sky130_fd_pr__nfet_01v8:M55      |Instance: sky130_fd_pr__nfet_01v8:M81      
  (1,3) = (10,10)                          |  (1,3) = (10,10)                          
  2 = 7                                    |  2 = 7                                    
  4 = 99                                   |  4 = 98                                   
---------------------------------------------------------------------------------------

---------------------------------------------------------------------------------------
Instance: sky130_fd_pr__nfet_01v8:M82      |Instance: sky130_fd_pr__nfet_01v8:M83      
  (1,3) = (10,4)                           |  (1,3) = (10,4)                           
  2 = 4                                    |  2 = 4                                    
  4 = 99                                   |  4 = 98                                   
                                           |                                           
Instance: sky130_fd_pr__nfet_01v8:M53      |Instance: sky130_fd_pr__nfet_01v8:M55      
  (1,3) = (10,4)                           |  (1,3) = (8,4)                            
  2 = 4                                    |  2 = 4                                    
  4 = 99                                   |  4 = 98                                   
---------------------------------------------------------------------------------------

---------------------------------------------------------------------------------------
Instance: c:10                             |Instance: c:3                              
  top = 7                                  |  top = 8                                  
  bottom = 99                              |  bottom = 98                              
                                           |                                           
(no matching instance)                     |Instance: c:8                              
                                           |  top = 10                                 
                                           |  bottom = 98                              
                                           |                                           
(no matching instance)                     |Instance: c:9                              
                                           |  top = 3                                  
                                           |  bottom = 98                              
---------------------------------------------------------------------------------------

---------------------------------------------------------------------------------------
Instance: sky130_fd_pr__pfet_01v8:M43      |Instance: sky130_fd_pr__pfet_01v8:M21      
  (1,3) = (75,7)                           |  (1,3) = (75,6)                           
  2 = 4                                    |  2 = 4                                    
  4 = 75                                   |  4 = 75                                   
---------------------------------------------------------------------------------------

---------------------------------------------------------------------------------------
Instance: sky130_fd_pr__pfet_01v8:M56      |Instance: sky130_fd_pr__pfet_01v8:M45      
  (1,3) = (10,5)                           |  (1,3) = (8,5)                            
  2 = 7                                    |  2 = 7                                    
  4 = 75                                   |  4 = 75                                   
                                           |                                           
Instance: sky130_fd_pr__pfet_01v8:M85      |Instance: sky130_fd_pr__pfet_01v8:M75      
  (1,3) = (10,5)                           |  (1,3) = (10,5)                           
  2 = 7                                    |  2 = 7                                    
  4 = 75                                   |  4 = 75                                   
---------------------------------------------------------------------------------------

---------------------------------------------------------------------------------------
Instance: sky130_fd_pr__pfet_01v8:M54      |Instance: sky130_fd_pr__pfet_01v8:M44      
  (1,3) = (10,10)                          |  (1,3) = (8,8)                            
  2 = 7                                    |  2 = 7                                    
  4 = 75                                   |  4 = 75                                   
                                           |                                           
Instance: sky130_fd_pr__pfet_01v8:M83      |Instance: sky130_fd_pr__pfet_01v8:M76      
  (1,3) = (10,10)                          |  (1,3) = (10,10)                          
  2 = 7                                    |  2 = 7                                    
  4 = 75                                   |  4 = 75                                   
---------------------------------------------------------------------------------------

---------------------------------------------------------------------------------------
Instance: sky130_fd_pr__pfet_01v8:M52      |Instance: sky130_fd_pr__pfet_01v8:M48      
  (1,3) = (10,4)                           |  (1,3) = (8,4)                            
  2 = 4                                    |  2 = 4                                    
  4 = 75                                   |  4 = 75                                   
                                           |                                           
Instance: sky130_fd_pr__pfet_01v8:M81      |Instance: sky130_fd_pr__pfet_01v8:M82      
  (1,3) = (10,4)                           |  (1,3) = (10,4)                           
  2 = 4                                    |  2 = 4                                    
  4 = 75                                   |  4 = 75                                   
---------------------------------------------------------------------------------------
Netlists do not match.
Cells have no pins;  pin matching not needed.
Device classes all_schematics.spice and lds_schematics.spice are equivalent.

Final result: Netlists do not match.
